<?xml version="1.0" encoding="UTF-8"?>
<!-- Generated by org.testng.reporters.JUnitReportReporter -->
<testsuite hostname="DESKTOP-6P9V2RS" failures="0" tests="1" name="com.OrangeHRM.TeseCases.LoginPageTest" time="3.242" errors="0" timestamp="2024-06-12T17:43:34 IST" skipped="0">
  <testcase classname="com.OrangeHRM.TeseCases.LoginPageTest" name="verifyLogintest" time="3.242"/>
  <system-out/>
</testsuite> <!-- com.OrangeHRM.TeseCases.LoginPageTest -->
