<?xml version="1.0" encoding="UTF-8"?>
<!-- Generated by org.testng.reporters.JUnitReportReporter -->
<testsuite hostname="DESKTOP-6P9V2RS" failures="0" tests="4" name="com.OrangeHRM.TeseCases.HomePageTest" time="16.933" errors="0" timestamp="2024-06-18T16:20:56 IST" skipped="0">
  <testcase classname="com.OrangeHRM.TeseCases.HomePageTest" name="verifyAdmin" time="5.943"/>
  <system-out/>
  <testcase classname="com.OrangeHRM.TeseCases.HomePageTest" name="verifySearchWithUsername" time="3.949"/>
  <system-out/>
  <testcase classname="com.OrangeHRM.TeseCases.HomePageTest" name="verifySearchWithUserRole" time="4.045"/>
  <system-out/>
  <testcase classname="com.OrangeHRM.TeseCases.HomePageTest" name="verifySearchWithUserStatus" time="2.996"/>
  <system-out/>
</testsuite> <!-- com.OrangeHRM.TeseCases.HomePageTest -->
