<?xml version="1.0" encoding="UTF-8"?>
<!-- Generated by org.testng.reporters.JUnitReportReporter -->
<testsuite hostname="DESKTOP-6P9V2RS" failures="0" tests="1" name="scenario1.readData" time="1.540" errors="0" timestamp="2024-06-18T15:21:58 IST" skipped="0">
  <testcase classname="scenario1.readData" name="fileReadTest" time="1.540"/>
  <system-out/>
</testsuite> <!-- scenario1.readData -->
