<?xml version="1.0" encoding="UTF-8"?>
<!-- Generated by org.testng.reporters.JUnitReportReporter -->
<testsuite hostname="DESKTOP-6P9V2RS" failures="0" tests="1" name="webTesting.ExtentReportTest" time="1.072" errors="0" timestamp="2024-06-18T16:10:05 IST" skipped="0">
  <testcase classname="webTesting.ExtentReportTest" name="tetsReport" time="1.072"/>
  <system-out/>
</testsuite> <!-- webTesting.ExtentReportTest -->
